<?xml version="1.0" encoding="UTF-8"?>
<!-- Generated by org.testng.reporters.JUnitReportReporter -->
<testsuite hostname="SansreeIrvine" failures="0" tests="1" name="testCases.TC001_AccountRegistrationTest" time="8.484" errors="0" timestamp="2024-10-24T16:53:50 PDT" skipped="0">
  <testcase classname="testCases.TC001_AccountRegistrationTest" name="verify_account_registration" time="8.484"/>
</testsuite> <!-- testCases.TC001_AccountRegistrationTest -->
