<?xml version="1.0" encoding="UTF-8"?>
<!-- Generated by org.testng.reporters.JUnitReportReporter -->
<testsuite hostname="SansreeIrvine" failures="0" tests="2" name="testCases.TC004_GoogleHomeSearchTest" time="21.749" errors="0" timestamp="2024-10-23T17:46:23 PDT" skipped="0">
  <testcase classname="testCases.TC004_GoogleHomeSearchTest" name="verify_google_search" time="11.439"/>
  <testcase classname="testCases.TC004_GoogleHomeSearchTest" name="verify_google_search" time="10.310"/>
</testsuite> <!-- testCases.TC004_GoogleHomeSearchTest -->
