<?xml version="1.0" encoding="UTF-8"?>
<!-- Generated by org.testng.reporters.JUnitReportReporter -->
<testsuite hostname="SansreeIrvine" failures="0" tests="5" name="testCases.TC003_LoginDDT" time="154.289" errors="0" timestamp="2024-10-19T23:52:52 PDT" skipped="0">
  <testcase classname="testCases.TC003_LoginDDT" name="verify_LoginDDT" time="31.091"/>
  <testcase classname="testCases.TC003_LoginDDT" name="verify_LoginDDT" time="30.636"/>
  <testcase classname="testCases.TC003_LoginDDT" name="verify_LoginDDT" time="31.146"/>
  <testcase classname="testCases.TC003_LoginDDT" name="verify_LoginDDT" time="30.753"/>
  <testcase classname="testCases.TC003_LoginDDT" name="verify_LoginDDT" time="30.663"/>
</testsuite> <!-- testCases.TC003_LoginDDT -->
