<?xml version="1.0" encoding="UTF-8"?>
<!-- Generated by org.testng.reporters.JUnitReportReporter -->
<testsuite hostname="SansreeIrvine" failures="0" tests="1" name="testCases.TC002_LoginTest" time="6.510" errors="0" timestamp="2024-10-24T21:03:56 PDT" skipped="0">
  <testcase classname="testCases.TC002_LoginTest" name="verifyLogin" time="6.510"/>
</testsuite> <!-- testCases.TC002_LoginTest -->
